# JRE version: Java(TM) SE Runtime Environment (8.0_66-b18) (build 1.8.0_66-b18)
# Java VM: Java HotSpot(TM) 64-Bit Server VM (25.66-b18 mixed mode windows-amd64 compressed oops)
Heap:
 PSYoungGen      total 54784K, used 38303K [0x00000007bc400000, 0x00000007c0000000, 0x00000007c0000000)
  eden space 48128K, 70% used [0x00000007bc400000,0x00000007be50b598,0x00000007bf300000)
  from space 6656K, 67% used [0x00000007bf300000,0x00000007bf75c8f0,0x00000007bf980000)
  to   space 6656K, 0% used [0x00000007bf980000,0x00000007bf980000,0x00000007c0000000)
 ParOldGen       total 115200K, used 55879K [0x0000000700000000, 0x0000000707080000, 0x00000007bc400000)
  object space 115200K, 48% used [0x0000000700000000,0x0000000703691fc8,0x0000000707080000)
 Metaspace       used 60034K, capacity 60561K, committed 61184K, reserved 1101824K
  class space    used 8497K, capacity 8624K, committed 8704K, reserved 1048576K
GC Heap History (10 events):
Event: 19647.642 GC heap before
{Heap before GC invocations=139 (full 16):
 PSYoungGen      total 54784K, used 52450K [0x00000007bc400000, 0x00000007c0000000, 0x00000007c0000000)
  eden space 48128K, 100% used [0x00000007bc400000,0x00000007bf300000,0x00000007bf300000)
  from space 6656K, 64% used [0x00000007bf980000,0x00000007bfdb8980,0x00000007c0000000)
  to   space 6656K, 0% used [0x00000007bf300000,0x00000007bf300000,0x00000007bf980000)
 ParOldGen       total 115200K, used 54119K [0x0000000700000000, 0x0000000707080000, 0x00000007bc400000)
  object space 115200K, 46% used [0x0000000700000000,0x00000007034d9fc8,0x0000000707080000)
 Metaspace       used 58736K, capacity 59207K, committed 59904K, reserved 1101824K
  class space    used 8203K, capacity 8329K, committed 8448K, reserved 1048576K
Event: 19647.652 GC heap after
Heap after GC invocations=139 (full 16):
 PSYoungGen      total 54784K, used 4335K [0x00000007bc400000, 0x00000007c0000000, 0x00000007c0000000)
  eden space 48128K, 0% used [0x00000007bc400000,0x00000007bc400000,0x00000007bf300000)
  from space 6656K, 65% used [0x00000007bf300000,0x00000007bf73be30,0x00000007bf980000)
  to   space 6656K, 0% used [0x00000007bf980000,0x00000007bf980000,0x00000007c0000000)
 ParOldGen       total 115200K, used 54223K [0x0000000700000000, 0x0000000707080000, 0x00000007bc400000)
  object space 115200K, 47% used [0x0000000700000000,0x00000007034f3fc8,0x0000000707080000)
 Metaspace       used 58736K, capacity 59207K, committed 59904K, reserved 1101824K
  class space    used 8203K, capacity 8329K, committed 8448K, reserved 1048576K
}
Event: 19672.413 GC heap before
{Heap before GC invocations=140 (full 16):
 PSYoungGen      total 54784K, used 52463K [0x00000007bc400000, 0x00000007c0000000, 0x00000007c0000000)
  eden space 48128K, 100% used [0x00000007bc400000,0x00000007bf300000,0x00000007bf300000)
  from space 6656K, 65% used [0x00000007bf300000,0x00000007bf73be30,0x00000007bf980000)
  to   space 6656K, 0% used [0x00000007bf980000,0x00000007bf980000,0x00000007c0000000)
 ParOldGen       total 115200K, used 54223K [0x0000000700000000, 0x0000000707080000, 0x00000007bc400000)
  object space 115200K, 47% used [0x0000000700000000,0x00000007034f3fc8,0x0000000707080000)
 Metaspace       used 58935K, capacity 59475K, committed 60160K, reserved 1101824K
  class space    used 8219K, capacity 8331K, committed 8448K, reserved 1048576K
Event: 19672.421 GC heap after
Heap after GC invocations=140 (full 16):
 PSYoungGen      total 54784K, used 3820K [0x00000007bc400000, 0x00000007c0000000, 0x00000007c0000000)
  eden space 48128K, 0% used [0x00000007bc400000,0x00000007bc400000,0x00000007bf300000)
  from space 6656K, 57% used [0x00000007bf980000,0x00000007bfd3b188,0x00000007c0000000)
  to   space 6656K, 0% used [0x00000007bf300000,0x00000007bf300000,0x00000007bf980000)
 ParOldGen       total 115200K, used 54991K [0x0000000700000000, 0x0000000707080000, 0x00000007bc400000)
  object space 115200K, 47% used [0x0000000700000000,0x00000007035b3fc8,0x0000000707080000)
 Metaspace       used 58935K, capacity 59475K, committed 60160K, reserved 1101824K
  class space    used 8219K, capacity 8331K, committed 8448K, reserved 1048576K
}
Event: 19761.706 GC heap before
{Heap before GC invocations=141 (full 16):
 PSYoungGen      total 54784K, used 51948K [0x00000007bc400000, 0x00000007c0000000, 0x00000007c0000000)
  eden space 48128K, 100% used [0x00000007bc400000,0x00000007bf300000,0x00000007bf300000)
  from space 6656K, 57% used [0x00000007bf980000,0x00000007bfd3b188,0x00000007c0000000)
  to   space 6656K, 0% used [0x00000007bf300000,0x00000007bf300000,0x00000007bf980000)
 ParOldGen       total 115200K, used 54991K [0x0000000700000000, 0x0000000707080000, 0x00000007bc400000)
  object space 115200K, 47% used [0x0000000700000000,0x00000007035b3fc8,0x0000000707080000)
 Metaspace       used 58994K, capacity 59481K, committed 60160K, reserved 1101824K
  class space    used 8226K, capacity 8332K, committed 8448K, reserved 1048576K
Event: 19761.717 GC heap after
Heap after GC invocations=141 (full 16):
 PSYoungGen      total 54784K, used 3903K [0x00000007bc400000, 0x00000007c0000000, 0x00000007c0000000)
  eden space 48128K, 0% used [0x00000007bc400000,0x00000007bc400000,0x00000007bf300000)
  from space 6656K, 58% used [0x00000007bf300000,0x00000007bf6cfdd8,0x00000007bf980000)
  to   space 6656K, 0% used [0x00000007bf980000,0x00000007bf980000,0x00000007c0000000)
 ParOldGen       total 115200K, used 55783K [0x0000000700000000, 0x0000000707080000, 0x00000007bc400000)
  object space 115200K, 48% used [0x0000000700000000,0x0000000703679fc8,0x0000000707080000)
 Metaspace       used 58994K, capacity 59481K, committed 60160K, reserved 1101824K
  class space    used 8226K, capacity 8332K, committed 8448K, reserved 1048576K
}
Event: 19774.012 GC heap before
{Heap before GC invocations=142 (full 16):
 PSYoungGen      total 54784K, used 52031K [0x00000007bc400000, 0x00000007c0000000, 0x00000007c0000000)
  eden space 48128K, 100% used [0x00000007bc400000,0x00000007bf300000,0x00000007bf300000)
  from space 6656K, 58% used [0x00000007bf300000,0x00000007bf6cfdd8,0x00000007bf980000)
  to   space 6656K, 0% used [0x00000007bf980000,0x00000007bf980000,0x00000007c0000000)
 ParOldGen       total 115200K, used 55783K [0x0000000700000000, 0x0000000707080000, 0x00000007bc400000)
  object space 115200K, 48% used [0x0000000700000000,0x0000000703679fc8,0x0000000707080000)
 Metaspace       used 59167K, capacity 59641K, committed 60416K, reserved 1101824K
  class space    used 8232K, capacity 8364K, committed 8448K, reserved 1048576K
Event: 19774.019 GC heap after
Heap after GC invocations=142 (full 16):
 PSYoungGen      total 54784K, used 4227K [0x00000007bc400000, 0x00000007c0000000, 0x00000007c0000000)
  eden space 48128K, 0% used [0x00000007bc400000,0x00000007bc400000,0x00000007bf300000)
  from space 6656K, 63% used [0x00000007bf980000,0x00000007bfda0cc0,0x00000007c0000000)
  to   space 6656K, 0% used [0x00000007bf300000,0x00000007bf300000,0x00000007bf980000)
 ParOldGen       total 115200K, used 55863K [0x0000000700000000, 0x0000000707080000, 0x00000007bc400000)
  object space 115200K, 48% used [0x0000000700000000,0x000000070368dfc8,0x0000000707080000)
 Metaspace       used 59167K, capacity 59641K, committed 60416K, reserved 1101824K
  class space    used 8232K, capacity 8364K, committed 8448K, reserved 1048576K
}
Event: 19778.765 GC heap before
{Heap before GC invocations=143 (full 16):
 PSYoungGen      total 54784K, used 52355K [0x00000007bc400000, 0x00000007c0000000, 0x00000007c0000000)
  eden space 48128K, 100% used [0x00000007bc400000,0x00000007bf300000,0x00000007bf300000)
  from space 6656K, 63% used [0x00000007bf980000,0x00000007bfda0cc0,0x00000007c0000000)
  to   space 6656K, 0% used [0x00000007bf300000,0x00000007bf300000,0x00000007bf980000)
 ParOldGen       total 115200K, used 55863K [0x0000000700000000, 0x0000000707080000, 0x00000007bc400000)
  object space 115200K, 48% used [0x0000000700000000,0x000000070368dfc8,0x0000000707080000)
 Metaspace       used 59517K, capacity 59993K, committed 60800K, reserved 1101824K
  class space    used 8341K, capacity 8460K, committed 8576K, reserved 1048576K
Event: 19778.772 GC heap after
Heap after GC invocations=143 (full 16):
 PSYoungGen      total 54784K, used 4466K [0x00000007bc400000, 0x00000007c0000000, 0x00000007c0000000)
  eden space 48128K, 0% used [0x00000007bc400000,0x00000007bc400000,0x00000007bf300000)
  from space 6656K, 67% used [0x00000007bf300000,0x00000007bf75c8f0,0x00000007bf980000)
  to   space 6656K, 0% used [0x00000007bf980000,0x00000007bf980000,0x00000007c0000000)
 ParOldGen       total 115200K, used 55879K [0x0000000700000000, 0x0000000707080000, 0x00000007bc400000)
  object space 115200K, 48% used [0x0000000700000000,0x0000000703691fc8,0x0000000707080000)
 Metaspace       used 59517K, capacity 59993K, committed 60800K, reserved 1101824K
  class space    used 8341K, capacity 8460K, committed 8576K, reserved 1048576K
}

